d:\dev\blanco\blanco\vendor\yaml\bin-int\debug-windows-x86_64\yaml\binary.obj
d:\dev\blanco\blanco\vendor\yaml\bin-int\debug-windows-x86_64\yaml\emitterstate.obj
d:\dev\blanco\blanco\vendor\yaml\bin-int\debug-windows-x86_64\yaml\nodeevents.obj
d:\dev\blanco\blanco\vendor\yaml\bin-int\debug-windows-x86_64\yaml\scanscalar.obj
d:\dev\blanco\blanco\vendor\yaml\bin-int\debug-windows-x86_64\yaml\graphbuilderadapter.obj
d:\dev\blanco\blanco\vendor\yaml\bin-int\debug-windows-x86_64\yaml\emitterutils.obj
d:\dev\blanco\blanco\vendor\yaml\bin-int\debug-windows-x86_64\yaml\parser.obj
d:\dev\blanco\blanco\vendor\yaml\bin-int\debug-windows-x86_64\yaml\tag.obj
d:\dev\blanco\blanco\vendor\yaml\bin-int\debug-windows-x86_64\yaml\convert.obj
d:\dev\blanco\blanco\vendor\yaml\bin-int\debug-windows-x86_64\yaml\node_data.obj
d:\dev\blanco\blanco\vendor\yaml\bin-int\debug-windows-x86_64\yaml\scantag.obj
d:\dev\blanco\blanco\vendor\yaml\bin-int\debug-windows-x86_64\yaml\emit.obj
d:\dev\blanco\blanco\vendor\yaml\bin-int\debug-windows-x86_64\yaml\exp.obj
d:\dev\blanco\blanco\vendor\yaml\bin-int\debug-windows-x86_64\yaml\regex_yaml.obj
d:\dev\blanco\blanco\vendor\yaml\bin-int\debug-windows-x86_64\yaml\singledocparser.obj
d:\dev\blanco\blanco\vendor\yaml\bin-int\debug-windows-x86_64\yaml\directives.obj
d:\dev\blanco\blanco\vendor\yaml\bin-int\debug-windows-x86_64\yaml\emitter.obj
d:\dev\blanco\blanco\vendor\yaml\bin-int\debug-windows-x86_64\yaml\nodebuilder.obj
d:\dev\blanco\blanco\vendor\yaml\bin-int\debug-windows-x86_64\yaml\scantoken.obj
d:\dev\blanco\blanco\vendor\yaml\bin-int\debug-windows-x86_64\yaml\graphbuilder.obj
d:\dev\blanco\blanco\vendor\yaml\bin-int\debug-windows-x86_64\yaml\memory.obj
d:\dev\blanco\blanco\vendor\yaml\bin-int\debug-windows-x86_64\yaml\null.obj
d:\dev\blanco\blanco\vendor\yaml\bin-int\debug-windows-x86_64\yaml\scanner.obj
d:\dev\blanco\blanco\vendor\yaml\bin-int\debug-windows-x86_64\yaml\emitfromevents.obj
d:\dev\blanco\blanco\vendor\yaml\bin-int\debug-windows-x86_64\yaml\node.obj
d:\dev\blanco\blanco\vendor\yaml\bin-int\debug-windows-x86_64\yaml\parse.obj
d:\dev\blanco\blanco\vendor\yaml\bin-int\debug-windows-x86_64\yaml\stream.obj
d:\dev\blanco\blanco\vendor\yaml\bin-int\debug-windows-x86_64\yaml\depthguard.obj
d:\dev\blanco\blanco\vendor\yaml\bin-int\debug-windows-x86_64\yaml\exceptions.obj
d:\dev\blanco\blanco\vendor\yaml\bin-int\debug-windows-x86_64\yaml\ostream_wrapper.obj
d:\dev\blanco\blanco\vendor\yaml\bin-int\debug-windows-x86_64\yaml\simplekey.obj
d:\dev\blanco\blanco\vendor\yaml\bin\debug-windows-x86_64\yaml\yaml.pdb
d:\dev\blanco\blanco\vendor\yaml\bin\debug-windows-x86_64\yaml\yaml.lib
d:\dev\blanco\blanco\vendor\yaml\bin-int\debug-windows-x86_64\yaml\yaml.tlog\cl.10044.write.1.tlog
d:\dev\blanco\blanco\vendor\yaml\bin-int\debug-windows-x86_64\yaml\yaml.tlog\cl.command.1.tlog
d:\dev\blanco\blanco\vendor\yaml\bin-int\debug-windows-x86_64\yaml\yaml.tlog\cl.items.tlog
d:\dev\blanco\blanco\vendor\yaml\bin-int\debug-windows-x86_64\yaml\yaml.tlog\cl.read.1.tlog
d:\dev\blanco\blanco\vendor\yaml\bin-int\debug-windows-x86_64\yaml\yaml.tlog\lib-link.read.1.tlog
d:\dev\blanco\blanco\vendor\yaml\bin-int\debug-windows-x86_64\yaml\yaml.tlog\lib-link.write.1.tlog
d:\dev\blanco\blanco\vendor\yaml\bin-int\debug-windows-x86_64\yaml\yaml.tlog\lib.command.1.tlog
